97.08.02 11:04 B E:\PAGINA\ZIP\book.zip --> www.ciudadfutura.com /zip book.zip
97.08.02 11:05 B E:\PAGINA\ZIP\calcsrc.zip --> www.ciudadfutura.com /zip calcsrc.zip
97.08.02 11:05 B E:\PAGINA\ZIP\cpv-01.arj --> www.ciudadfutura.com /zip cpv-01.arj
97.08.02 11:05 B E:\PAGINA\ZIP\cpv-02.arj --> www.ciudadfutura.com /zip cpv-02.arj
97.08.02 11:05 B E:\PAGINA\ZIP\cpv-03.arj --> www.ciudadfutura.com /zip cpv-03.arj
97.08.02 11:05 B E:\PAGINA\ZIP\cpv-04.arj --> www.ciudadfutura.com /zip cpv-04.arj
97.08.02 11:06 B E:\PAGINA\ZIP\cpv-05.arj --> www.ciudadfutura.com /zip cpv-05.arj
97.08.02 11:06 B E:\PAGINA\ZIP\curso_01.zip --> www.ciudadfutura.com /zip curso_01.zip
97.08.02 11:06 B E:\PAGINA\ZIP\curso_02.zip --> www.ciudadfutura.com /zip curso_02.zip
97.08.02 11:07 B E:\PAGINA\ZIP\curso_04.exe --> www.ciudadfutura.com /zip curso_04.exe
97.08.02 11:07 B E:\PAGINA\ZIP\ddraw.zip --> www.ciudadfutura.com /zip ddraw.zip
97.08.02 11:07 B E:\PAGINA\ZIP\dsound.zip --> www.ciudadfutura.com /zip dsound.zip
97.08.02 11:07 B E:\PAGINA\ZIP\eudoxio.zip --> www.ciudadfutura.com /zip eudoxio.zip
97.08.02 11:07 B E:\PAGINA\ZIP\excel2.xls --> www.ciudadfutura.com /zip excel2.xls
97.08.02 11:07 B E:\PAGINA\ZIP\excel3.xls --> www.ciudadfutura.com /zip excel3.xls
97.08.02 11:07 B E:\PAGINA\ZIP\gamfaq.zip --> www.ciudadfutura.com /zip gamfaq.zip
97.08.02 11:08 B E:\PAGINA\ZIP\gargon_3.exe --> www.ciudadfutura.com /zip gargon_3.exe
97.08.02 11:08 B E:\PAGINA\ZIP\multipli.xls --> www.ciudadfutura.com /zip multipli.xls
97.08.02 11:08 B E:\PAGINA\ZIP\spriter.zip --> www.ciudadfutura.com /zip spriter.zip
97.08.02 11:08 B E:\PAGINA\ZIP\visorcpv.arj --> www.ciudadfutura.com /zip visorcpv.arj
97.08.02 11:08 B E:\PAGINA\ZIP\vzt.zip --> www.ciudadfutura.com /zip vzt.zip
98.12.24 08:53 B E:\MACEDO7\ZIP\book.zip --> ciudadfutura.com /zip book.zip
98.12.24 08:53 B E:\MACEDO7\ZIP\calcsrc.zip --> ciudadfutura.com /zip calcsrc.zip
98.12.24 08:53 B E:\MACEDO7\ZIP\cgi-lib.pl --> ciudadfutura.com /zip cgi-lib.pl
98.12.24 08:53 B E:\MACEDO7\ZIP\ddraw.zip --> ciudadfutura.com /zip ddraw.zip
98.12.24 08:53 B E:\MACEDO7\ZIP\dsound.zip --> ciudadfutura.com /zip dsound.zip
98.12.24 08:53 B E:\MACEDO7\ZIP\eudoxio.zip --> ciudadfutura.com /zip eudoxio.zip
98.12.24 08:53 B E:\MACEDO7\ZIP\excel2.xls --> ciudadfutura.com /zip excel2.xls
98.12.24 08:53 B E:\MACEDO7\ZIP\excel3.xls --> ciudadfutura.com /zip excel3.xls
98.12.24 08:53 B E:\MACEDO7\ZIP\excel4.xls --> ciudadfutura.com /zip excel4.xls
98.12.24 08:53 B E:\MACEDO7\ZIP\gamfaq.zip --> ciudadfutura.com /zip gamfaq.zip
98.12.24 08:54 B E:\MACEDO7\ZIP\multipli.xls --> ciudadfutura.com /zip multipli.xls
98.12.24 08:54 B E:\MACEDO7\ZIP\spriter.zip --> ciudadfutura.com /zip spriter.zip
98.12.24 08:54 B E:\MACEDO7\ZIP\vzt.zip --> ciudadfutura.com /zip vzt.zip
99.02.27 09:20 B E:\MACEDO~2\ZIP\4cfang.pas --> ciudadfutura.com /zip 4cfang.pas
99.02.27 09:20 B E:\MACEDO~2\ZIP\art6.c --> ciudadfutura.com /zip art6.c
99.02.27 09:20 B E:\MACEDO~2\ZIP\cgi-lib.pl --> ciudadfutura.com /zip cgi-lib.pl
99.02.27 09:20 B E:\MACEDO~2\ZIP\dx1.zip --> ciudadfutura.com /zip dx1.zip
99.02.27 09:20 B E:\MACEDO~2\ZIP\fanglore.pas --> ciudadfutura.com /zip fanglore.pas
99.02.27 09:20 B E:\MACEDO~2\ZIP\multipli.xls --> ciudadfutura.com /zip multipli.xls
99.02.27 09:30 B E:\MACEDO~2\ZIP\offline.zip --> ciudadfutura.com /zip offline.zip
99.02.27 09:31 B E:\MACEDO~2\ZIP\petrise.zip --> ciudadfutura.com /zip petrise.zip
99.02.27 09:31 B E:\MACEDO~2\ZIP\room.dat --> ciudadfutura.com /zip room.dat
99.02.27 09:31 B E:\MACEDO~2\ZIP\roomgen.exe --> ciudadfutura.com /zip roomgen.exe
99.02.27 09:31 B E:\MACEDO~2\ZIP\roomgen.pas --> ciudadfutura.com /zip roomgen.pas
99.02.27 09:31 B E:\MACEDO~2\ZIP\ws_ftp.log --> ciudadfutura.com /zip ws_ftp.log
