99.02.27 09:32 B E:\MACEDO~2\AYUDA\a-3sku.htm --> ciudadfutura.com /ayuda a-3sku.htm
99.02.27 09:33 B E:\MACEDO~2\AYUDA\a-3sku-a.gif --> ciudadfutura.com /ayuda a-3sku-a.gif
99.02.27 09:33 B E:\MACEDO~2\AYUDA\a-3sku-b.gif --> ciudadfutura.com /ayuda a-3sku-b.gif
99.02.27 09:33 B E:\MACEDO~2\AYUDA\a-3sku-c.gif --> ciudadfutura.com /ayuda a-3sku-c.gif
99.02.27 09:33 B E:\MACEDO~2\AYUDA\a-amnesi.htm --> ciudadfutura.com /ayuda a-amnesi.htm
99.02.27 09:33 B E:\MACEDO~2\AYUDA\a-anchor.htm --> ciudadfutura.com /ayuda a-anchor.htm
99.02.27 09:33 B E:\MACEDO~2\AYUDA\a-aot.htm --> ciudadfutura.com /ayuda a-aot.htm
99.02.27 09:33 B E:\MACEDO~2\AYUDA\a-bssol.htm --> ciudadfutura.com /ayuda a-bssol.htm
99.02.27 09:33 B E:\MACEDO~2\AYUDA\a-ciudad.htm --> ciudadfutura.com /ayuda a-ciudad.htm
99.02.27 09:33 B E:\MACEDO~2\AYUDA\a-clan.htm --> ciudadfutura.com /ayuda a-clan.htm
99.02.27 09:33 B E:\MACEDO~2\AYUDA\a-clan-1.jpg --> ciudadfutura.com /ayuda a-clan-1.jpg
99.02.27 09:33 B E:\MACEDO~2\AYUDA\a-clan-2.jpg --> ciudadfutura.com /ayuda a-clan-2.jpg
99.02.27 09:33 B E:\MACEDO~2\AYUDA\a-de.htm --> ciudadfutura.com /ayuda a-de.htm
99.02.27 09:33 B E:\MACEDO~2\AYUDA\a-dig.htm --> ciudadfutura.com /ayuda a-dig.htm
99.02.27 09:33 B E:\MACEDO~2\AYUDA\a-dig-a.gif --> ciudadfutura.com /ayuda a-dig-a.gif
99.02.27 09:33 B E:\MACEDO~2\AYUDA\a-dig-b.gif --> ciudadfutura.com /ayuda a-dig-b.gif
99.02.27 09:33 B E:\MACEDO~2\AYUDA\a-dig-c.gif --> ciudadfutura.com /ayuda a-dig-c.gif
99.02.27 09:33 B E:\MACEDO~2\AYUDA\a-drascu.htm --> ciudadfutura.com /ayuda a-drascu.htm
99.02.27 09:34 B E:\MACEDO~2\AYUDA\a-eden.htm --> ciudadfutura.com /ayuda a-eden.htm
99.02.27 09:34 B E:\MACEDO~2\AYUDA\a-ftsol.htm --> ciudadfutura.com /ayuda a-ftsol.htm
99.02.27 09:34 B E:\MACEDO~2\AYUDA\a-gk2hnt.htm --> ciudadfutura.com /ayuda a-gk2hnt.htm
99.02.27 09:34 B E:\MACEDO~2\AYUDA\a-gk2sol.gif --> ciudadfutura.com /ayuda a-gk2sol.gif
99.02.27 09:34 B E:\MACEDO~2\AYUDA\a-gk2sol.htm --> ciudadfutura.com /ayuda a-gk2sol.htm
99.02.27 09:34 B E:\MACEDO~2\AYUDA\a-harv.gif --> ciudadfutura.com /ayuda a-harv.gif
99.02.27 09:34 B E:\MACEDO~2\AYUDA\a-harv.htm --> ciudadfutura.com /ayuda a-harv.htm
99.02.27 09:34 B E:\MACEDO~2\AYUDA\a-icesol.htm --> ciudadfutura.com /ayuda a-icesol.htm
99.02.27 09:34 B E:\MACEDO~2\AYUDA\a-kq7.htm --> ciudadfutura.com /ayuda a-kq7.htm
99.02.27 09:34 B E:\MACEDO~2\AYUDA\a-kq7-1.jpg --> ciudadfutura.com /ayuda a-kq7-1.jpg
99.02.27 09:34 B E:\MACEDO~2\AYUDA\a-kq7-2.jpg --> ciudadfutura.com /ayuda a-kq7-2.jpg
99.02.27 09:34 B E:\MACEDO~2\AYUDA\a-kq7-3.jpg --> ciudadfutura.com /ayuda a-kq7-3.jpg
99.02.27 09:34 B E:\MACEDO~2\AYUDA\a-l7sol.htm --> ciudadfutura.com /ayuda a-l7sol.htm
99.02.27 09:34 B E:\MACEDO~2\AYUDA\a-l7sol.jpg --> ciudadfutura.com /ayuda a-l7sol.jpg
99.02.27 09:34 B E:\MACEDO~2\AYUDA\a-mail.gif --> ciudadfutura.com /ayuda a-mail.gif
99.02.27 09:34 B E:\MACEDO~2\AYUDA\a-mail.htm --> ciudadfutura.com /ayuda a-mail.htm
99.02.27 09:34 B E:\MACEDO~2\AYUDA\a-nocsol.htm --> ciudadfutura.com /ayuda a-nocsol.htm
99.02.27 09:35 B E:\MACEDO~2\AYUDA\a-ripley.htm --> ciudadfutura.com /ayuda a-ripley.htm
99.02.27 09:35 B E:\MACEDO~2\AYUDA\a-sh1sol.htm --> ciudadfutura.com /ayuda a-sh1sol.htm
99.02.27 09:35 B E:\MACEDO~2\AYUDA\a-sh2sol.htm --> ciudadfutura.com /ayuda a-sh2sol.htm
99.02.27 09:35 B E:\MACEDO~2\AYUDA\a-shan.htm --> ciudadfutura.com /ayuda a-shan.htm
99.02.27 09:35 B E:\MACEDO~2\AYUDA\a-si2sol.htm --> ciudadfutura.com /ayuda a-si2sol.htm
99.02.27 09:35 B E:\MACEDO~2\AYUDA\a-sign.htm --> ciudadfutura.com /ayuda a-sign.htm
99.02.27 09:35 B E:\MACEDO~2\AYUDA\a-torin.gif --> ciudadfutura.com /ayuda a-torin.gif
99.02.27 09:35 B E:\MACEDO~2\AYUDA\a-torin.htm --> ciudadfutura.com /ayuda a-torin.htm
99.02.27 09:35 B E:\MACEDO~2\AYUDA\a-touche.htm --> ciudadfutura.com /ayuda a-touche.htm
99.02.27 09:35 B E:\MACEDO~2\AYUDA\a-touche.jpg --> ciudadfutura.com /ayuda a-touche.jpg
99.02.27 09:35 B E:\MACEDO~2\AYUDA\ayuda.gif --> ciudadfutura.com /ayuda ayuda.gif
99.02.27 09:35 B E:\MACEDO~2\AYUDA\ayuda.htm --> ciudadfutura.com /ayuda ayuda.htm
99.02.27 09:35 B E:\MACEDO~2\AYUDA\a-zork.htm --> ciudadfutura.com /ayuda a-zork.htm
