99.02.27 09:36 B E:\MACEDO~2\COMENT\c-amnesi.htm --> ciudadfutura.com /coment c-amnesi.htm
99.02.27 09:36 B E:\MACEDO~2\COMENT\c-ark.htm --> ciudadfutura.com /coment c-ark.htm
99.02.27 09:36 B E:\MACEDO~2\COMENT\c-ark-1.jpg --> ciudadfutura.com /coment c-ark-1.jpg
99.02.27 09:36 B E:\MACEDO~2\COMENT\c-ark-2.jpg --> ciudadfutura.com /coment c-ark-2.jpg
99.02.27 09:36 B E:\MACEDO~2\COMENT\c-avs24.htm --> ciudadfutura.com /coment c-avs24.htm
99.02.27 09:36 B E:\MACEDO~2\COMENT\c-avs24a.gif --> ciudadfutura.com /coment c-avs24a.gif
99.02.27 09:36 B E:\MACEDO~2\COMENT\c-avs24b.gif --> ciudadfutura.com /coment c-avs24b.gif
99.02.27 09:36 B E:\MACEDO~2\COMENT\c-bastar.htm --> ciudadfutura.com /coment c-bastar.htm
99.02.27 09:36 B E:\MACEDO~2\COMENT\c-bastar.jpg --> ciudadfutura.com /coment c-bastar.jpg
99.02.27 09:36 B E:\MACEDO~2\COMENT\c-broken.htm --> ciudadfutura.com /coment c-broken.htm
99.02.27 09:36 B E:\MACEDO~2\COMENT\c-broken.jpg --> ciudadfutura.com /coment c-broken.jpg
99.02.27 09:36 B E:\MACEDO~2\COMENT\c-brun.htm --> ciudadfutura.com /coment c-brun.htm
99.02.27 09:36 B E:\MACEDO~2\COMENT\c-brun-1.jpg --> ciudadfutura.com /coment c-brun-1.jpg
99.02.27 09:36 B E:\MACEDO~2\COMENT\c-brun-2.jpg --> ciudadfutura.com /coment c-brun-2.jpg
99.02.27 09:36 B E:\MACEDO~2\COMENT\c-brun-3.jpg --> ciudadfutura.com /coment c-brun-3.jpg
99.02.27 09:36 B E:\MACEDO~2\COMENT\c-bs2.htm --> ciudadfutura.com /coment c-bs2.htm
99.02.27 09:36 B E:\MACEDO~2\COMENT\c-bs2-1.jpg --> ciudadfutura.com /coment c-bs2-1.jpg
99.02.27 09:36 B E:\MACEDO~2\COMENT\c-bs2-2.jpg --> ciudadfutura.com /coment c-bs2-2.jpg
99.02.27 09:36 B E:\MACEDO~2\COMENT\c-bs2-3.jpg --> ciudadfutura.com /coment c-bs2-3.jpg
99.02.27 09:36 B E:\MACEDO~2\COMENT\c-bs2-4.jpg --> ciudadfutura.com /coment c-bs2-4.jpg
99.02.27 09:36 B E:\MACEDO~2\COMENT\c-clan.htm --> ciudadfutura.com /coment c-clan.htm
99.02.27 09:36 B E:\MACEDO~2\COMENT\c-claw.htm --> ciudadfutura.com /coment c-claw.htm
99.02.27 09:36 B E:\MACEDO~2\COMENT\c-diablo.htm --> ciudadfutura.com /coment c-diablo.htm
99.02.27 09:37 B E:\MACEDO~2\COMENT\c-diablo.jpg --> ciudadfutura.com /coment c-diablo.jpg
99.02.27 09:37 B E:\MACEDO~2\COMENT\c-dig.htm --> ciudadfutura.com /coment c-dig.htm
99.02.27 09:37 B E:\MACEDO~2\COMENT\c-dig-a.jpg --> ciudadfutura.com /coment c-dig-a.jpg
99.02.27 09:37 B E:\MACEDO~2\COMENT\c-dig-b.jpg --> ciudadfutura.com /coment c-dig-b.jpg
99.02.27 09:37 B E:\MACEDO~2\COMENT\c-discw2.htm --> ciudadfutura.com /coment c-discw2.htm
99.02.27 09:37 B E:\MACEDO~2\COMENT\c-discw2.jpg --> ciudadfutura.com /coment c-discw2.jpg
99.02.27 09:37 B E:\MACEDO~2\COMENT\c-ds2.htm --> ciudadfutura.com /coment c-ds2.htm
99.02.27 09:37 B E:\MACEDO~2\COMENT\c-ds2.jpg --> ciudadfutura.com /coment c-ds2.jpg
99.02.27 09:37 B E:\MACEDO~2\COMENT\c-ds2b.htm --> ciudadfutura.com /coment c-ds2b.htm
99.02.27 09:37 B E:\MACEDO~2\COMENT\c-dunjin.htm --> ciudadfutura.com /coment c-dunjin.htm
99.02.27 09:37 B E:\MACEDO~2\COMENT\c-eden.htm --> ciudadfutura.com /coment c-eden.htm
99.02.27 09:37 B E:\MACEDO~2\COMENT\c-eden-1.jpg --> ciudadfutura.com /coment c-eden-1.jpg
99.02.27 09:37 B E:\MACEDO~2\COMENT\c-eden-2.jpg --> ciudadfutura.com /coment c-eden-2.jpg
99.02.27 09:37 B E:\MACEDO~2\COMENT\c-eden-3.gif --> ciudadfutura.com /coment c-eden-3.gif
99.02.27 09:37 B E:\MACEDO~2\COMENT\c-edx.htm --> ciudadfutura.com /coment c-edx.htm
99.02.27 09:37 B E:\MACEDO~2\COMENT\c-fabl.htm --> ciudadfutura.com /coment c-fabl.htm
99.02.27 09:37 B E:\MACEDO~2\COMENT\c-fabl-1.jpg --> ciudadfutura.com /coment c-fabl-1.jpg
99.02.27 09:37 B E:\MACEDO~2\COMENT\c-fabl-2.jpg --> ciudadfutura.com /coment c-fabl-2.jpg
99.02.27 09:37 B E:\MACEDO~2\COMENT\c-gf.htm --> ciudadfutura.com /coment c-gf.htm
99.02.27 09:37 B E:\MACEDO~2\COMENT\c-gf-1.jpg --> ciudadfutura.com /coment c-gf-1.jpg
99.02.27 09:37 B E:\MACEDO~2\COMENT\c-gf-2.jpg --> ciudadfutura.com /coment c-gf-2.jpg
99.02.27 09:37 B E:\MACEDO~2\COMENT\c-gf-3.jpg --> ciudadfutura.com /coment c-gf-3.jpg
99.02.27 09:37 B E:\MACEDO~2\COMENT\c-gf-4.jpg --> ciudadfutura.com /coment c-gf-4.jpg
99.02.27 09:37 B E:\MACEDO~2\COMENT\c-gf-5.jpg --> ciudadfutura.com /coment c-gf-5.jpg
99.02.27 09:38 B E:\MACEDO~2\COMENT\c-gf-6.jpg --> ciudadfutura.com /coment c-gf-6.jpg
99.02.27 09:38 B E:\MACEDO~2\COMENT\c-gf-7.jpg --> ciudadfutura.com /coment c-gf-7.jpg
99.02.27 09:38 B E:\MACEDO~2\COMENT\c-gk2.htm --> ciudadfutura.com /coment c-gk2.htm
99.02.27 09:38 B E:\MACEDO~2\COMENT\c-gk2.jpg --> ciudadfutura.com /coment c-gk2.jpg
99.02.27 09:38 B E:\MACEDO~2\COMENT\c-hf.htm --> ciudadfutura.com /coment c-hf.htm
99.02.27 09:38 B E:\MACEDO~2\COMENT\c-hf-a.gif --> ciudadfutura.com /coment c-hf-a.gif
99.02.27 09:38 B E:\MACEDO~2\COMENT\c-hf-b.gif --> ciudadfutura.com /coment c-hf-b.gif
99.02.27 09:38 B E:\MACEDO~2\COMENT\c-hf-c.gif --> ciudadfutura.com /coment c-hf-c.gif
99.02.27 09:38 B E:\MACEDO~2\COMENT\c-holme2.htm --> ciudadfutura.com /coment c-holme2.htm
99.02.27 09:38 B E:\MACEDO~2\COMENT\c-holme2.jpg --> ciudadfutura.com /coment c-holme2.jpg
99.02.27 09:38 B E:\MACEDO~2\COMENT\c-hos.htm --> ciudadfutura.com /coment c-hos.htm
99.02.27 09:38 B E:\MACEDO~2\COMENT\c-hos-1.jpg --> ciudadfutura.com /coment c-hos-1.jpg
99.02.27 09:38 B E:\MACEDO~2\COMENT\c-hos-2.jpg --> ciudadfutura.com /coment c-hos-2.jpg
99.02.27 09:38 B E:\MACEDO~2\COMENT\c-hwm.htm --> ciudadfutura.com /coment c-hwm.htm
99.02.27 09:38 B E:\MACEDO~2\COMENT\c-hwm-1.jpg --> ciudadfutura.com /coment c-hwm-1.jpg
99.02.27 09:38 B E:\MACEDO~2\COMENT\c-hwm-2.jpg --> ciudadfutura.com /coment c-hwm-2.jpg
99.02.27 09:38 B E:\MACEDO~2\COMENT\c-hwm-3.jpg --> ciudadfutura.com /coment c-hwm-3.jpg
99.02.27 09:38 B E:\MACEDO~2\COMENT\c-hwm-4.jpg --> ciudadfutura.com /coment c-hwm-4.jpg
99.02.27 09:38 B E:\MACEDO~2\COMENT\c-hwm-5.jpg --> ciudadfutura.com /coment c-hwm-5.jpg
99.02.27 09:38 B E:\MACEDO~2\COMENT\c-idesk.gif --> ciudadfutura.com /coment c-idesk.gif
99.02.27 09:38 B E:\MACEDO~2\COMENT\c-idesk.htm --> ciudadfutura.com /coment c-idesk.htm
99.02.27 09:38 B E:\MACEDO~2\COMENT\c-io.htm --> ciudadfutura.com /coment c-io.htm
99.02.27 09:38 B E:\MACEDO~2\COMENT\c-kq8.htm --> ciudadfutura.com /coment c-kq8.htm
99.02.27 09:38 B E:\MACEDO~2\COMENT\c-kq8-1.jpg --> ciudadfutura.com /coment c-kq8-1.jpg
99.02.27 09:38 B E:\MACEDO~2\COMENT\c-kq8-2.jpg --> ciudadfutura.com /coment c-kq8-2.jpg
99.02.27 09:38 B E:\MACEDO~2\COMENT\c-kq8-3.jpg --> ciudadfutura.com /coment c-kq8-3.jpg
99.02.27 09:39 B E:\MACEDO~2\COMENT\c-kq8-4.jpg --> ciudadfutura.com /coment c-kq8-4.jpg
99.02.27 09:39 B E:\MACEDO~2\COMENT\c-kq8-5.jpg --> ciudadfutura.com /coment c-kq8-5.jpg
99.02.27 09:39 B E:\MACEDO~2\COMENT\c-l7.htm --> ciudadfutura.com /coment c-l7.htm
99.02.27 09:39 B E:\MACEDO~2\COMENT\c-l7-a.gif --> ciudadfutura.com /coment c-l7-a.gif
99.02.27 09:39 B E:\MACEDO~2\COMENT\c-l7-b.jpg --> ciudadfutura.com /coment c-l7-b.jpg
99.02.27 09:39 B E:\MACEDO~2\COMENT\c-l7-c.jpg --> ciudadfutura.com /coment c-l7-c.jpg
99.02.27 09:39 B E:\MACEDO~2\COMENT\c-meteor.htm --> ciudadfutura.com /coment c-meteor.htm
99.02.27 09:39 B E:\MACEDO~2\COMENT\c-mi3.htm --> ciudadfutura.com /coment c-mi3.htm
99.02.27 09:39 B E:\MACEDO~2\COMENT\c-mi3-1.jpg --> ciudadfutura.com /coment c-mi3-1.jpg
99.02.27 09:39 B E:\MACEDO~2\COMENT\c-mi3-2.jpg --> ciudadfutura.com /coment c-mi3-2.jpg
99.02.27 09:39 B E:\MACEDO~2\COMENT\c-mi3-3.jpg --> ciudadfutura.com /coment c-mi3-3.jpg
99.02.27 09:39 B E:\MACEDO~2\COMENT\c-mi3-4.jpg --> ciudadfutura.com /coment c-mi3-4.jpg
99.02.27 09:39 B E:\MACEDO~2\COMENT\c-mi3-5.jpg --> ciudadfutura.com /coment c-mi3-5.jpg
99.02.27 09:39 B E:\MACEDO~2\COMENT\c-mill.htm --> ciudadfutura.com /coment c-mill.htm
99.02.27 09:39 B E:\MACEDO~2\COMENT\c-mill-1.jpg --> ciudadfutura.com /coment c-mill-1.jpg
99.02.27 09:39 B E:\MACEDO~2\COMENT\c-mill-2.jpg --> ciudadfutura.com /coment c-mill-2.jpg
99.02.27 09:39 B E:\MACEDO~2\COMENT\c-norm.htm --> ciudadfutura.com /coment c-norm.htm
99.02.27 09:39 B E:\MACEDO~2\COMENT\c-norm-1.jpg --> ciudadfutura.com /coment c-norm-1.jpg
99.02.27 09:39 B E:\MACEDO~2\COMENT\c-norm-2.jpg --> ciudadfutura.com /coment c-norm-2.jpg
99.02.27 09:39 B E:\MACEDO~2\COMENT\c-norm-3.gif --> ciudadfutura.com /coment c-norm-3.gif
99.02.27 09:39 B E:\MACEDO~2\COMENT\coment.htm --> ciudadfutura.com /coment coment.htm
99.02.27 09:39 B E:\MACEDO~2\COMENT\c-pice.htm --> ciudadfutura.com /coment c-pice.htm
99.02.27 09:39 B E:\MACEDO~2\COMENT\c-pice.jpg --> ciudadfutura.com /coment c-pice.jpg
99.02.27 09:39 B E:\MACEDO~2\COMENT\c-pof.htm --> ciudadfutura.com /coment c-pof.htm
99.02.27 09:40 B E:\MACEDO~2\COMENT\c-pof-a.jpg --> ciudadfutura.com /coment c-pof-a.jpg
99.02.27 09:40 B E:\MACEDO~2\COMENT\c-pof-b.jpg --> ciudadfutura.com /coment c-pof-b.jpg
99.02.27 09:40 B E:\MACEDO~2\COMENT\c-pof-c.jpg --> ciudadfutura.com /coment c-pof-c.jpg
99.02.27 09:40 B E:\MACEDO~2\COMENT\c-pof-e.jpg --> ciudadfutura.com /coment c-pof-e.jpg
99.02.27 09:40 B E:\MACEDO~2\COMENT\c-rama.htm --> ciudadfutura.com /coment c-rama.htm
99.02.27 09:40 B E:\MACEDO~2\COMENT\c-rama-1.jpg --> ciudadfutura.com /coment c-rama-1.jpg
99.02.27 09:40 B E:\MACEDO~2\COMENT\c-rama-2.jpg --> ciudadfutura.com /coment c-rama-2.jpg
99.02.27 09:40 B E:\MACEDO~2\COMENT\c-rama-3.jpg --> ciudadfutura.com /coment c-rama-3.jpg
99.02.27 09:40 B E:\MACEDO~2\COMENT\c-rama-4.jpg --> ciudadfutura.com /coment c-rama-4.jpg
99.02.27 09:40 B E:\MACEDO~2\COMENT\c-rive.htm --> ciudadfutura.com /coment c-rive.htm
99.02.27 09:40 B E:\MACEDO~2\COMENT\c-rive-1.jpg --> ciudadfutura.com /coment c-rive-1.jpg
99.02.27 09:40 B E:\MACEDO~2\COMENT\c-rive-2.jpg --> ciudadfutura.com /coment c-rive-2.jpg
99.02.27 09:40 B E:\MACEDO~2\COMENT\c-rive-3.jpg --> ciudadfutura.com /coment c-rive-3.jpg
99.02.27 09:40 B E:\MACEDO~2\COMENT\c-sacri.htm --> ciudadfutura.com /coment c-sacri.htm
99.02.27 09:40 B E:\MACEDO~2\COMENT\c-sacria.gif --> ciudadfutura.com /coment c-sacria.gif
99.02.27 09:40 B E:\MACEDO~2\COMENT\c-sacrib.gif --> ciudadfutura.com /coment c-sacrib.gif
99.02.27 09:40 B E:\MACEDO~2\COMENT\c-sacric.jpg --> ciudadfutura.com /coment c-sacric.jpg
99.02.27 09:40 B E:\MACEDO~2\COMENT\c-scream.htm --> ciudadfutura.com /coment c-scream.htm
99.02.27 09:40 B E:\MACEDO~2\COMENT\c-scream.jpg --> ciudadfutura.com /coment c-scream.jpg
99.02.27 09:40 B E:\MACEDO~2\COMENT\c-shan.htm --> ciudadfutura.com /coment c-shan.htm
99.02.27 09:40 B E:\MACEDO~2\COMENT\c-shan-1.jpg --> ciudadfutura.com /coment c-shan-1.jpg
99.02.27 09:41 B E:\MACEDO~2\COMENT\c-shan-2.jpg --> ciudadfutura.com /coment c-shan-2.jpg
99.02.27 09:41 B E:\MACEDO~2\COMENT\c-shan-3.jpg --> ciudadfutura.com /coment c-shan-3.jpg
99.02.27 09:41 B E:\MACEDO~2\COMENT\c-shan-4.jpg --> ciudadfutura.com /coment c-shan-4.jpg
99.02.27 09:41 B E:\MACEDO~2\COMENT\c-simon2.htm --> ciudadfutura.com /coment c-simon2.htm
99.02.27 09:41 B E:\MACEDO~2\COMENT\c-simon2.jpg --> ciudadfutura.com /coment c-simon2.jpg
99.02.27 09:41 B E:\MACEDO~2\COMENT\c-sulf.htm --> ciudadfutura.com /coment c-sulf.htm
99.02.27 09:41 B E:\MACEDO~2\COMENT\c-sulf-1.jpg --> ciudadfutura.com /coment c-sulf-1.jpg
99.02.27 09:41 B E:\MACEDO~2\COMENT\c-sulf-2.jpg --> ciudadfutura.com /coment c-sulf-2.jpg
99.02.27 09:41 B E:\MACEDO~2\COMENT\c-sulf-3.jpg --> ciudadfutura.com /coment c-sulf-3.jpg
99.02.27 09:41 B E:\MACEDO~2\COMENT\c-sulf-4.jpg --> ciudadfutura.com /coment c-sulf-4.jpg
99.02.27 09:41 B E:\MACEDO~2\COMENT\c-tle.htm --> ciudadfutura.com /coment c-tle.htm
99.02.27 09:41 B E:\MACEDO~2\COMENT\c-tle-1.jpg --> ciudadfutura.com /coment c-tle-1.jpg
99.02.27 09:41 B E:\MACEDO~2\COMENT\c-tle-2.jpg --> ciudadfutura.com /coment c-tle-2.jpg
99.02.27 09:41 B E:\MACEDO~2\COMENT\c-toon.htm --> ciudadfutura.com /coment c-toon.htm
99.02.27 09:41 B E:\MACEDO~2\COMENT\c-toon-1.jpg --> ciudadfutura.com /coment c-toon-1.jpg
99.02.27 09:41 B E:\MACEDO~2\COMENT\c-toon-2.jpg --> ciudadfutura.com /coment c-toon-2.jpg
99.02.27 09:41 B E:\MACEDO~2\COMENT\c-torin.htm --> ciudadfutura.com /coment c-torin.htm
99.02.27 09:41 B E:\MACEDO~2\COMENT\c-torin.jpg --> ciudadfutura.com /coment c-torin.jpg
99.02.27 09:41 B E:\MACEDO~2\COMENT\c-touche.htm --> ciudadfutura.com /coment c-touche.htm
99.02.27 09:42 B E:\MACEDO~2\COMENT\c-touche.jpg --> ciudadfutura.com /coment c-touche.jpg
99.02.27 09:42 B E:\MACEDO~2\COMENT\c-zvsr.htm --> ciudadfutura.com /coment c-zvsr.htm
99.02.27 09:42 B E:\MACEDO~2\COMENT\c-zvsr-1.jpg --> ciudadfutura.com /coment c-zvsr-1.jpg
99.02.27 09:42 B E:\MACEDO~2\COMENT\c-zvsr-2.jpg --> ciudadfutura.com /coment c-zvsr-2.jpg
99.02.27 09:42 B E:\MACEDO~2\COMENT\c-zvsr-3.jpg --> ciudadfutura.com /coment c-zvsr-3.jpg
99.02.27 09:42 B E:\MACEDO~2\COMENT\c-zvsr-4.jpg --> ciudadfutura.com /coment c-zvsr-4.jpg
99.02.27 09:42 B E:\MACEDO~2\COMENT\c-zvsr-5.jpg --> ciudadfutura.com /coment c-zvsr-5.jpg
99.02.27 09:42 B E:\MACEDO~2\COMENT\c-zvsr-6.jpg --> ciudadfutura.com /coment c-zvsr-6.jpg
