99.02.27 09:59 B E:\MACEDO~2\TEMAS\ai-bcn97.htm --> ciudadfutura.com /temas ai-bcn97.htm
99.02.27 09:59 B E:\MACEDO~2\TEMAS\ai-infoc.htm --> ciudadfutura.com /temas ai-infoc.htm
99.02.27 09:59 B E:\MACEDO~2\TEMAS\ai-intro.htm --> ciudadfutura.com /temas ai-intro.htm
99.02.27 09:59 B E:\MACEDO~2\TEMAS\cs-ent.htm --> ciudadfutura.com /temas cs-ent.htm
99.02.27 09:59 B E:\MACEDO~2\TEMAS\cs-ent1.jpg --> ciudadfutura.com /temas cs-ent1.jpg
99.02.27 10:00 B E:\MACEDO~2\TEMAS\cs-ent2.jpg --> ciudadfutura.com /temas cs-ent2.jpg
99.02.27 10:00 B E:\MACEDO~2\TEMAS\encuesta.htm --> ciudadfutura.com /temas encuesta.htm
99.02.27 10:00 B E:\MACEDO~2\TEMAS\encuesta.jpg --> ciudadfutura.com /temas encuesta.jpg
99.02.27 10:00 B E:\MACEDO~2\TEMAS\entbm.htm --> ciudadfutura.com /temas entbm.htm
99.02.27 10:00 B E:\MACEDO~2\TEMAS\entbm-1.jpg --> ciudadfutura.com /temas entbm-1.jpg
99.02.27 10:00 B E:\MACEDO~2\TEMAS\entbm-2.jpg --> ciudadfutura.com /temas entbm-2.jpg
99.02.27 10:00 B E:\MACEDO~2\TEMAS\entbm-3.jpg --> ciudadfutura.com /temas entbm-3.jpg
99.02.27 10:00 B E:\MACEDO~2\TEMAS\entbm-4.gif --> ciudadfutura.com /temas entbm-4.gif
99.02.27 10:00 B E:\MACEDO~2\TEMAS\entbm-5.jpg --> ciudadfutura.com /temas entbm-5.jpg
99.02.27 10:00 B E:\MACEDO~2\TEMAS\entbm-6.jpg --> ciudadfutura.com /temas entbm-6.jpg
99.02.27 10:00 B E:\MACEDO~2\TEMAS\entemt.htm --> ciudadfutura.com /temas entemt.htm
99.02.27 10:00 B E:\MACEDO~2\TEMAS\entfm.htm --> ciudadfutura.com /temas entfm.htm
99.02.27 10:00 B E:\MACEDO~2\TEMAS\entfm.jpg --> ciudadfutura.com /temas entfm.jpg
99.02.27 10:00 B E:\MACEDO~2\TEMAS\entjm.htm --> ciudadfutura.com /temas entjm.htm
99.02.27 10:00 B E:\MACEDO~2\TEMAS\guioni.htm --> ciudadfutura.com /temas guioni.htm
99.02.27 10:00 B E:\MACEDO~2\TEMAS\malos-1.htm --> ciudadfutura.com /temas malos-1.htm
99.02.27 10:00 B E:\MACEDO~2\TEMAS\malos-2.htm --> ciudadfutura.com /temas malos-2.htm
99.02.27 10:00 B E:\MACEDO~2\TEMAS\malos-3.htm --> ciudadfutura.com /temas malos-3.htm
99.02.27 10:00 B E:\MACEDO~2\TEMAS\malos-a.gif --> ciudadfutura.com /temas malos-a.gif
99.02.27 10:00 B E:\MACEDO~2\TEMAS\malos-b.gif --> ciudadfutura.com /temas malos-b.gif
99.02.27 10:01 B E:\MACEDO~2\TEMAS\malos-c.gif --> ciudadfutura.com /temas malos-c.gif
99.02.27 10:01 B E:\MACEDO~2\TEMAS\malos-d.gif --> ciudadfutura.com /temas malos-d.gif
99.02.27 10:01 B E:\MACEDO~2\TEMAS\malos-e.gif --> ciudadfutura.com /temas malos-e.gif
99.02.27 10:01 B E:\MACEDO~2\TEMAS\malos-f.gif --> ciudadfutura.com /temas malos-f.gif
99.02.27 10:01 B E:\MACEDO~2\TEMAS\malos-g.gif --> ciudadfutura.com /temas malos-g.gif
99.02.27 10:01 B E:\MACEDO~2\TEMAS\malos-h.gif --> ciudadfutura.com /temas malos-h.gif
99.02.27 10:01 B E:\MACEDO~2\TEMAS\malos-i.gif --> ciudadfutura.com /temas malos-i.gif
99.02.27 10:01 B E:\MACEDO~2\TEMAS\malos-j.gif --> ciudadfutura.com /temas malos-j.gif
99.02.27 10:01 B E:\MACEDO~2\TEMAS\malos-k.gif --> ciudadfutura.com /temas malos-k.gif
99.02.27 10:01 B E:\MACEDO~2\TEMAS\malos-l.gif --> ciudadfutura.com /temas malos-l.gif
99.02.27 10:01 B E:\MACEDO~2\TEMAS\malos-m.gif --> ciudadfutura.com /temas malos-m.gif
99.02.27 10:01 B E:\MACEDO~2\TEMAS\malos-z.gif --> ciudadfutura.com /temas malos-z.gif
99.02.27 10:01 B E:\MACEDO~2\TEMAS\mfanz-1.htm --> ciudadfutura.com /temas mfanz-1.htm
99.02.27 10:01 B E:\MACEDO~2\TEMAS\mfanz-2.htm --> ciudadfutura.com /temas mfanz-2.htm
99.02.27 10:01 B E:\MACEDO~2\TEMAS\mfanz-3.htm --> ciudadfutura.com /temas mfanz-3.htm
99.02.27 10:01 B E:\MACEDO~2\TEMAS\potajes.htm --> ciudadfutura.com /temas potajes.htm
99.02.27 10:01 B E:\MACEDO~2\TEMAS\potajes1.gif --> ciudadfutura.com /temas potajes1.gif
99.02.27 10:01 B E:\MACEDO~2\TEMAS\potajes2.gif --> ciudadfutura.com /temas potajes2.gif
99.02.27 10:01 B E:\MACEDO~2\TEMAS\potajes3.jpg --> ciudadfutura.com /temas potajes3.jpg
99.02.27 10:01 B E:\MACEDO~2\TEMAS\potajes4.gif --> ciudadfutura.com /temas potajes4.gif
99.02.27 10:02 B E:\MACEDO~2\TEMAS\temas.htm --> ciudadfutura.com /temas temas.htm
99.02.27 10:02 B E:\MACEDO~2\TEMAS\templo.htm --> ciudadfutura.com /temas templo.htm
99.02.27 10:02 B E:\MACEDO~2\TEMAS\templo-1.jpg --> ciudadfutura.com /temas templo-1.jpg
99.02.27 10:02 B E:\MACEDO~2\TEMAS\templo-2.jpg --> ciudadfutura.com /temas templo-2.jpg
