99.02.27 09:55 B E:\MACEDO~2\MASALLA\ma-cb.htm --> ciudadfutura.com /masalla ma-cb.htm
99.02.27 09:55 B E:\MACEDO~2\MASALLA\ma-cb-1.gif --> ciudadfutura.com /masalla ma-cb-1.gif
99.02.27 09:55 B E:\MACEDO~2\MASALLA\ma-cb-2.gif --> ciudadfutura.com /masalla ma-cb-2.gif
99.02.27 09:55 B E:\MACEDO~2\MASALLA\ma-cb-3.gif --> ciudadfutura.com /masalla ma-cb-3.gif
99.02.27 09:55 B E:\MACEDO~2\MASALLA\ma-cb-4.gif --> ciudadfutura.com /masalla ma-cb-4.gif
99.02.27 09:55 B E:\MACEDO~2\MASALLA\ma-cb-5.gif --> ciudadfutura.com /masalla ma-cb-5.gif
99.02.27 09:55 B E:\MACEDO~2\MASALLA\ma-drs.htm --> ciudadfutura.com /masalla ma-drs.htm
99.02.27 09:55 B E:\MACEDO~2\MASALLA\ma-drs-1.gif --> ciudadfutura.com /masalla ma-drs-1.gif
99.02.27 09:55 B E:\MACEDO~2\MASALLA\ma-drs-2.gif --> ciudadfutura.com /masalla ma-drs-2.gif
99.02.27 09:55 B E:\MACEDO~2\MASALLA\ma-drs-3.gif --> ciudadfutura.com /masalla ma-drs-3.gif
99.02.27 09:55 B E:\MACEDO~2\MASALLA\ma-drs-4.gif --> ciudadfutura.com /masalla ma-drs-4.gif
99.02.27 09:56 B E:\MACEDO~2\MASALLA\ma-jab.htm --> ciudadfutura.com /masalla ma-jab.htm
99.02.27 09:56 B E:\MACEDO~2\MASALLA\ma-jab-1.gif --> ciudadfutura.com /masalla ma-jab-1.gif
99.02.27 09:56 B E:\MACEDO~2\MASALLA\ma-jab-2.gif --> ciudadfutura.com /masalla ma-jab-2.gif
99.02.27 09:56 B E:\MACEDO~2\MASALLA\ma-mi.htm --> ciudadfutura.com /masalla ma-mi.htm
99.02.27 09:56 B E:\MACEDO~2\MASALLA\ma-mi-1.gif --> ciudadfutura.com /masalla ma-mi-1.gif
99.02.27 09:56 B E:\MACEDO~2\MASALLA\ma-mi-2.gif --> ciudadfutura.com /masalla ma-mi-2.gif
99.02.27 09:56 B E:\MACEDO~2\MASALLA\ma-mi-3.gif --> ciudadfutura.com /masalla ma-mi-3.gif
99.02.27 09:56 B E:\MACEDO~2\MASALLA\ma-mi-4.gif --> ciudadfutura.com /masalla ma-mi-4.gif
99.02.27 09:56 B E:\MACEDO~2\MASALLA\ma-mi-5.gif --> ciudadfutura.com /masalla ma-mi-5.gif
99.02.27 09:56 B E:\MACEDO~2\MASALLA\ma-mi-6.gif --> ciudadfutura.com /masalla ma-mi-6.gif
99.02.27 09:56 B E:\MACEDO~2\MASALLA\ma-mi-7.gif --> ciudadfutura.com /masalla ma-mi-7.gif
99.02.27 09:56 B E:\MACEDO~2\MASALLA\ma-mon.htm --> ciudadfutura.com /masalla ma-mon.htm
99.02.27 09:56 B E:\MACEDO~2\MASALLA\ma-mon-1.jpg --> ciudadfutura.com /masalla ma-mon-1.jpg
99.02.27 09:56 B E:\MACEDO~2\MASALLA\ma-mon-2.jpg --> ciudadfutura.com /masalla ma-mon-2.jpg
99.02.27 09:56 B E:\MACEDO~2\MASALLA\ma-mon-3.jpg --> ciudadfutura.com /masalla ma-mon-3.jpg
99.02.27 09:56 B E:\MACEDO~2\MASALLA\ma-ron.htm --> ciudadfutura.com /masalla ma-ron.htm
99.02.27 09:57 B E:\MACEDO~2\MASALLA\ma-ron-1.jpg --> ciudadfutura.com /masalla ma-ron-1.jpg
99.02.27 09:57 B E:\MACEDO~2\MASALLA\ma-ron-2.jpg --> ciudadfutura.com /masalla ma-ron-2.jpg
99.02.27 09:57 B E:\MACEDO~2\MASALLA\ma-ron-3.jpg --> ciudadfutura.com /masalla ma-ron-3.jpg
99.02.27 09:57 B E:\MACEDO~2\MASALLA\ma-ron-4.jpg --> ciudadfutura.com /masalla ma-ron-4.jpg
99.02.27 09:57 B E:\MACEDO~2\MASALLA\ma-ron-5.jpg --> ciudadfutura.com /masalla ma-ron-5.jpg
99.02.27 09:57 B E:\MACEDO~2\MASALLA\ma-ron-6.jpg --> ciudadfutura.com /masalla ma-ron-6.jpg
99.02.27 09:57 B E:\MACEDO~2\MASALLA\ma-ron-7.jpg --> ciudadfutura.com /masalla ma-ron-7.jpg
99.02.27 09:57 B E:\MACEDO~2\MASALLA\masalla.htm --> ciudadfutura.com /masalla masalla.htm
99.02.27 09:57 B E:\MACEDO~2\MASALLA\ma-wolf.htm --> ciudadfutura.com /masalla ma-wolf.htm
99.02.27 09:57 B E:\MACEDO~2\MASALLA\ma-z4.htm --> ciudadfutura.com /masalla ma-z4.htm
99.02.27 09:57 B E:\MACEDO~2\MASALLA\ma-z4-1.gif --> ciudadfutura.com /masalla ma-z4-1.gif
99.02.27 09:57 B E:\MACEDO~2\MASALLA\ma-z4-2.gif --> ciudadfutura.com /masalla ma-z4-2.gif
99.02.27 09:57 B E:\MACEDO~2\MASALLA\ma-z4-3.gif --> ciudadfutura.com /masalla ma-z4-3.gif
99.02.27 09:57 B E:\MACEDO~2\MASALLA\ma-z4-4.gif --> ciudadfutura.com /masalla ma-z4-4.gif
99.02.27 09:57 B E:\MACEDO~2\MASALLA\ma-z4-5.gif --> ciudadfutura.com /masalla ma-z4-5.gif
