99.02.27 09:44 B E:\MACEDO~2\GIF\bmace.gif --> ciudadfutura.com /gif bmace.gif
99.02.27 09:44 B E:\MACEDO~2\GIF\curso1a1.gif --> ciudadfutura.com /gif curso1a1.gif
99.02.27 09:44 B E:\MACEDO~2\GIF\curso1a2.gif --> ciudadfutura.com /gif curso1a2.gif
99.02.27 09:44 B E:\MACEDO~2\GIF\doom.gif --> ciudadfutura.com /gif doom.gif
99.02.27 09:44 B E:\MACEDO~2\GIF\doom1.gif --> ciudadfutura.com /gif doom1.gif
99.02.27 09:45 B E:\MACEDO~2\GIF\ems.gif --> ciudadfutura.com /gif ems.gif
99.02.27 09:45 B E:\MACEDO~2\GIF\f10a6.gif --> ciudadfutura.com /gif f10a6.gif
99.02.27 09:45 B E:\MACEDO~2\GIF\f11a6.gif --> ciudadfutura.com /gif f11a6.gif
99.02.27 09:45 B E:\MACEDO~2\GIF\f1a6.gif --> ciudadfutura.com /gif f1a6.gif
99.02.27 09:45 B E:\MACEDO~2\GIF\f2a6.gif --> ciudadfutura.com /gif f2a6.gif
99.02.27 09:45 B E:\MACEDO~2\GIF\f3a6.gif --> ciudadfutura.com /gif f3a6.gif
99.02.27 09:45 B E:\MACEDO~2\GIF\f4a6.gif --> ciudadfutura.com /gif f4a6.gif
99.02.27 09:45 B E:\MACEDO~2\GIF\f5a6.gif --> ciudadfutura.com /gif f5a6.gif
99.02.27 09:45 B E:\MACEDO~2\GIF\f6a6.gif --> ciudadfutura.com /gif f6a6.gif
99.02.27 09:45 B E:\MACEDO~2\GIF\f7a6.gif --> ciudadfutura.com /gif f7a6.gif
99.02.27 09:45 B E:\MACEDO~2\GIF\f8a6.gif --> ciudadfutura.com /gif f8a6.gif
99.02.27 09:45 B E:\MACEDO~2\GIF\f9a6.gif --> ciudadfutura.com /gif f9a6.gif
99.02.27 09:45 B E:\MACEDO~2\GIF\fig10din.gif --> ciudadfutura.com /gif fig10din.gif
99.02.27 09:45 B E:\MACEDO~2\GIF\fig11din.gif --> ciudadfutura.com /gif fig11din.gif
99.02.27 09:45 B E:\MACEDO~2\GIF\fig12din.gif --> ciudadfutura.com /gif fig12din.gif
99.02.27 09:45 B E:\MACEDO~2\GIF\fig1din.gif --> ciudadfutura.com /gif fig1din.gif
99.02.27 09:45 B E:\MACEDO~2\GIF\fig2din.gif --> ciudadfutura.com /gif fig2din.gif
99.02.27 09:45 B E:\MACEDO~2\GIF\fig3din.gif --> ciudadfutura.com /gif fig3din.gif
99.02.27 09:45 B E:\MACEDO~2\GIF\fig4din.gif --> ciudadfutura.com /gif fig4din.gif
99.02.27 09:45 B E:\MACEDO~2\GIF\fig5din.gif --> ciudadfutura.com /gif fig5din.gif
99.02.27 09:45 B E:\MACEDO~2\GIF\fig6din.gif --> ciudadfutura.com /gif fig6din.gif
99.02.27 09:45 B E:\MACEDO~2\GIF\fig7din.gif --> ciudadfutura.com /gif fig7din.gif
99.02.27 09:45 B E:\MACEDO~2\GIF\fig8din.gif --> ciudadfutura.com /gif fig8din.gif
99.02.27 09:45 B E:\MACEDO~2\GIF\fig9din.gif --> ciudadfutura.com /gif fig9din.gif
99.02.27 09:45 B E:\MACEDO~2\GIF\figura1.gif --> ciudadfutura.com /gif figura1.gif
99.02.27 09:45 B E:\MACEDO~2\GIF\figura2.gif --> ciudadfutura.com /gif figura2.gif
99.02.27 09:45 B E:\MACEDO~2\GIF\figura3.gif --> ciudadfutura.com /gif figura3.gif
99.02.27 09:46 B E:\MACEDO~2\GIF\figura4.gif --> ciudadfutura.com /gif figura4.gif
99.02.27 09:46 B E:\MACEDO~2\GIF\figura5.gif --> ciudadfutura.com /gif figura5.gif
99.02.27 09:46 B E:\MACEDO~2\GIF\figura6.gif --> ciudadfutura.com /gif figura6.gif
99.02.27 09:46 B E:\MACEDO~2\GIF\fredes6.gif --> ciudadfutura.com /gif fredes6.gif
99.02.27 09:46 B E:\MACEDO~2\GIF\hard5_1.gif --> ciudadfutura.com /gif hard5_1.gif
99.02.27 09:46 B E:\MACEDO~2\GIF\hard5_2.gif --> ciudadfutura.com /gif hard5_2.gif
99.02.27 09:46 B E:\MACEDO~2\GIF\hard7_2.gif --> ciudadfutura.com /gif hard7_2.gif
99.02.27 09:46 B E:\MACEDO~2\GIF\image1.gif --> ciudadfutura.com /gif image1.gif
99.02.27 09:46 B E:\MACEDO~2\GIF\image2.gif --> ciudadfutura.com /gif image2.gif
99.02.27 09:46 B E:\MACEDO~2\GIF\image4.gif --> ciudadfutura.com /gif image4.gif
99.02.27 09:46 B E:\MACEDO~2\GIF\image5.gif --> ciudadfutura.com /gif image5.gif
99.02.27 09:46 B E:\MACEDO~2\GIF\image6.gif --> ciudadfutura.com /gif image6.gif
99.02.27 09:46 B E:\MACEDO~2\GIF\image7.gif --> ciudadfutura.com /gif image7.gif
99.02.27 09:46 B E:\MACEDO~2\GIF\image9.gif --> ciudadfutura.com /gif image9.gif
99.02.27 09:46 B E:\MACEDO~2\GIF\match1.gif --> ciudadfutura.com /gif match1.gif
99.02.27 09:46 B E:\MACEDO~2\GIF\match3.gif --> ciudadfutura.com /gif match3.gif
99.02.27 09:46 B E:\MACEDO~2\GIF\match4.gif --> ciudadfutura.com /gif match4.gif
99.02.27 09:46 B E:\MACEDO~2\GIF\mhanim.gif --> ciudadfutura.com /gif mhanim.gif
99.02.27 09:46 B E:\MACEDO~2\GIF\mixt2.gif --> ciudadfutura.com /gif mixt2.gif
99.02.27 09:46 B E:\MACEDO~2\GIF\mixt3.gif --> ciudadfutura.com /gif mixt3.gif
99.02.27 09:47 B E:\MACEDO~2\GIF\mixt4.gif --> ciudadfutura.com /gif mixt4.gif
99.02.27 09:47 B E:\MACEDO~2\GIF\mk2.gif --> ciudadfutura.com /gif mk2.gif
99.02.27 09:47 B E:\MACEDO~2\GIF\mk3.gif --> ciudadfutura.com /gif mk3.gif
99.02.27 09:47 B E:\MACEDO~2\GIF\prgcon1.gif --> ciudadfutura.com /gif prgcon1.gif
99.02.27 09:47 B E:\MACEDO~2\GIF\robocop.gif --> ciudadfutura.com /gif robocop.gif
99.02.27 09:47 B E:\MACEDO~2\GIF\robocop2.gif --> ciudadfutura.com /gif robocop2.gif
99.02.27 09:47 B E:\MACEDO~2\GIF\sadc02.gif --> ciudadfutura.com /gif sadc02.gif
99.02.27 09:47 B E:\MACEDO~2\GIF\smsunit.gif --> ciudadfutura.com /gif smsunit.gif
99.02.27 09:47 B E:\MACEDO~2\GIF\stitos.gif --> ciudadfutura.com /gif stitos.gif
99.02.27 09:47 B E:\MACEDO~2\GIF\strlogo.gif --> ciudadfutura.com /gif strlogo.gif
99.02.27 09:47 B E:\MACEDO~2\GIF\volante.gif --> ciudadfutura.com /gif volante.gif
